<?xml version="1.0" encoding="UTF-8"?>
<!-- Generated by org.testng.reporters.JUnitXMLReporter -->
<testsuite ignored="0" hostname="WINDOWS-UNR7VLH" failures="0" tests="5" name="Command line test" time="42.724" errors="0" timestamp="2022-11-03T16:51:24 IST">
  <testcase classname="testCases.TestCases" name="loginTest" time="7.809"/>
  <testcase classname="testCases.TestCases" name="locAndNavTest" time="7.015"/>
  <testcase classname="testCases.TestCases" name="medicineTest" time="8.218"/>
  <testcase classname="testCases.TestCases" name="addProductsTest" time="0.694"/>
  <testcase classname="testCases.TestCases" name="viewCartTest" time="2.908"/>
</testsuite> <!-- Command line test -->
