<?xml version="1.0" encoding="UTF-8"?>
<!-- Generated by org.testng.reporters.JUnitXMLReporter -->
<testsuite ignored="0" hostname="WINDOWS-UNR7VLH" failures="0" tests="5" name="Command line test" time="46.201" errors="0" timestamp="2022-11-03T16:08:59 IST">
  <testcase classname="testCases.TestCases" name="loginTest" time="9.17"/>
  <testcase classname="testCases.TestCases" name="locAndNavTest" time="7.133"/>
  <testcase classname="testCases.TestCases" name="medicineTest" time="7.809"/>
  <testcase classname="testCases.TestCases" name="addProductsTest" time="0.416"/>
  <testcase classname="testCases.TestCases" name="viewCartTest" time="3.556"/>
</testsuite> <!-- Command line test -->
