<?xml version="1.0" encoding="UTF-8"?>
<!-- Generated by org.testng.reporters.JUnitXMLReporter -->
<testsuite ignored="0" hostname="WINDOWS-UNR7VLH" failures="0" tests="5" name="Default test" time="33.652" errors="0" timestamp="2022-10-27T15:32:51 IST">
  <testcase classname="testCases.TestCases" name="loginTest" time="7.785"/>
  <testcase classname="testCases.TestCases" name="locAndNavTest" time="4.943"/>
  <testcase classname="testCases.TestCases" name="medicineTest" time="4.921"/>
  <testcase classname="testCases.TestCases" name="addProductsTest" time="0.615"/>
  <testcase classname="testCases.TestCases" name="viewCartTest" time="2.702"/>
</testsuite> <!-- Default test -->
