<?xml version="1.0" encoding="UTF-8"?>
<testng-results ignored="0" total="5" passed="5" failed="0" skipped="0">
  <reporter-output>
  </reporter-output>
  <suite started-at="2022-11-03T16:08:13 IST" name="testCases.TestCases" finished-at="2022-11-03T16:08:59 IST" duration-ms="46201">
    <groups>
    </groups>
    <test started-at="2022-11-03T16:08:13 IST" name="Command line test" finished-at="2022-11-03T16:08:59 IST" duration-ms="46201">
      <class name="testCases.TestCases">
        <test-method is-config="true" signature="beforeTest()[pri:0, instance:testCases.TestCases@6f3b5d16]" started-at="2022-11-03T16:08:13 IST" name="beforeTest" finished-at="2022-11-03T16:08:29 IST" duration-ms="15545" status="PASS">
          <reporter-output>
          </reporter-output>
        </test-method> <!-- beforeTest -->
        <test-method signature="loginTest()[pri:0, instance:testCases.TestCases@6f3b5d16]" started-at="2022-11-03T16:08:29 IST" name="loginTest" finished-at="2022-11-03T16:08:38 IST" duration-ms="9170" status="PASS">
          <reporter-output>
          </reporter-output>
        </test-method> <!-- loginTest -->
        <test-method signature="locAndNavTest()[pri:1, instance:testCases.TestCases@6f3b5d16]" started-at="2022-11-03T16:08:38 IST" name="locAndNavTest" finished-at="2022-11-03T16:08:45 IST" duration-ms="7133" status="PASS">
          <reporter-output>
          </reporter-output>
        </test-method> <!-- locAndNavTest -->
        <test-method signature="medicineTest()[pri:2, instance:testCases.TestCases@6f3b5d16]" started-at="2022-11-03T16:08:45 IST" name="medicineTest" finished-at="2022-11-03T16:08:53 IST" duration-ms="7809" status="PASS">
          <reporter-output>
          </reporter-output>
        </test-method> <!-- medicineTest -->
        <test-method signature="addProductsTest()[pri:3, instance:testCases.TestCases@6f3b5d16]" started-at="2022-11-03T16:08:53 IST" name="addProductsTest" finished-at="2022-11-03T16:08:54 IST" duration-ms="416" status="PASS">
          <reporter-output>
          </reporter-output>
        </test-method> <!-- addProductsTest -->
        <test-method signature="viewCartTest()[pri:4, instance:testCases.TestCases@6f3b5d16]" started-at="2022-11-03T16:08:54 IST" name="viewCartTest" finished-at="2022-11-03T16:08:57 IST" duration-ms="3556" status="PASS">
          <reporter-output>
          </reporter-output>
        </test-method> <!-- viewCartTest -->
        <test-method is-config="true" signature="afterTest()[pri:0, instance:testCases.TestCases@6f3b5d16]" started-at="2022-11-03T16:08:57 IST" name="afterTest" finished-at="2022-11-03T16:08:59 IST" duration-ms="2309" status="PASS">
          <reporter-output>
          </reporter-output>
        </test-method> <!-- afterTest -->
      </class> <!-- testCases.TestCases -->
    </test> <!-- Command line test -->
  </suite> <!-- testCases.TestCases -->
</testng-results>
